<?xml version="1.0" encoding="UTF-8"?>
<testng-results skipped="0" failed="0" ignored="0" total="1" passed="1">
  <reporter-output>
  </reporter-output>
  <suite name="Default suite" duration-ms="1294" started-at="2019-11-07T10:38:47 IST" finished-at="2019-11-07T10:38:49 IST">
    <groups>
    </groups>
    <test name="Default test" duration-ms="1294" started-at="2019-11-07T10:38:47 IST" finished-at="2019-11-07T10:38:49 IST">
      <class name="wireMockDemo.wireMockDemo.favoritesearch">
        <test-method status="PASS" signature="wiremock()[pri:0, instance:wireMockDemo.wireMockDemo.favoritesearch@4dbb42b7]" name="wiremock" duration-ms="1273" started-at="2019-11-07T10:38:47 IST" finished-at="2019-11-07T10:38:49 IST">
          <reporter-output>
          </reporter-output>
        </test-method> <!-- wiremock -->
      </class> <!-- wireMockDemo.wireMockDemo.favoritesearch -->
    </test> <!-- Default test -->
  </suite> <!-- Default suite -->
</testng-results>
